ERROR - 2025-06-15 18:24:57 --> Error connecting to the database: mysqli_sql_exception: Unknown database 'techpodb_23' in C:\Users\FARREL\Downloads\Techporia-main-2024\Techporia-main-2024\techporia23-main\vendor\codeigniter4\framework\system\Database\MySQLi\Connection.php:173
Stack trace:
#0 C:\Users\FARREL\Downloads\Techporia-main-2024\Techporia-main-2024\techporia23-main\vendor\codeigniter4\framework\system\Database\MySQLi\Connection.php(173): mysqli->real_connect('localhost', 'root', Object(SensitiveParameterValue), 'techpodb_23', 3306, '', 0)
#1 C:\Users\FARREL\Downloads\Techporia-main-2024\Techporia-main-2024\techporia23-main\vendor\codeigniter4\framework\system\Database\BaseConnection.php(391): CodeIgniter\Database\MySQLi\Connection->connect(false)
#2 C:\Users\FARREL\Downloads\Techporia-main-2024\Techporia-main-2024\techporia23-main\vendor\codeigniter4\framework\system\Database\BaseConnection.php(574): CodeIgniter\Database\BaseConnection->initialize()
#3 C:\Users\FARREL\Downloads\Techporia-main-2024\Techporia-main-2024\techporia23-main\vendor\codeigniter4\framework\system\Database\BaseBuilder.php(1616): CodeIgniter\Database\BaseConnection->query('SELECT *\nFROM `...', Array, false)
#4 C:\Users\FARREL\Downloads\Techporia-main-2024\Techporia-main-2024\techporia23-main\vendor\codeigniter4\settings\src\Handlers\DatabaseHandler.php(186): CodeIgniter\Database\BaseBuilder->get()
#5 C:\Users\FARREL\Downloads\Techporia-main-2024\Techporia-main-2024\techporia23-main\vendor\codeigniter4\settings\src\Handlers\DatabaseHandler.php(51): CodeIgniter\Settings\Handlers\DatabaseHandler->hydrate(NULL)
#6 C:\Users\FARREL\Downloads\Techporia-main-2024\Techporia-main-2024\techporia23-main\vendor\codeigniter4\settings\src\Settings.php(59): CodeIgniter\Settings\Handlers\DatabaseHandler->has('Config\\Auth', 'sessionConfig', NULL)
#7 C:\Users\FARREL\Downloads\Techporia-main-2024\Techporia-main-2024\techporia23-main\vendor\codeigniter4\settings\src\Helpers\setting_helper.php(25): CodeIgniter\Settings\Settings->get('Auth.sessionCon...')
#8 C:\Users\FARREL\Downloads\Techporia-main-2024\Techporia-main-2024\techporia23-main\vendor\codeigniter4\shield\src\Authentication\Authenticators\Session.php(685): setting('Auth.sessionCon...')
#9 C:\Users\FARREL\Downloads\Techporia-main-2024\Techporia-main-2024\techporia23-main\vendor\codeigniter4\shield\src\Authentication\Authenticators\Session.php(703): CodeIgniter\Shield\Authentication\Authenticators\Session->getSessionUserInfo()
#10 C:\Users\FARREL\Downloads\Techporia-main-2024\Techporia-main-2024\techporia23-main\vendor\codeigniter4\shield\src\Authentication\Authenticators\Session.php(390): CodeIgniter\Shield\Authentication\Authenticators\Session->getSessionUserKey('id')
#11 C:\Users\FARREL\Downloads\Techporia-main-2024\Techporia-main-2024\techporia23-main\vendor\codeigniter4\shield\src\Authentication\Authenticators\Session.php(374): CodeIgniter\Shield\Authentication\Authenticators\Session->checkUserState()
#12 C:\Users\FARREL\Downloads\Techporia-main-2024\Techporia-main-2024\techporia23-main\vendor\codeigniter4\shield\src\Auth.php(191): CodeIgniter\Shield\Authentication\Authenticators\Session->loggedIn()
#13 C:\Users\FARREL\Downloads\Techporia-main-2024\Techporia-main-2024\techporia23-main\app\Views\layout\header.php(59): CodeIgniter\Shield\Auth->__call('loggedIn', Array)
#14 C:\Users\FARREL\Downloads\Techporia-main-2024\Techporia-main-2024\techporia23-main\vendor\codeigniter4\framework\system\View\View.php(213): include('C:\\Users\\FARREL...')
#15 C:\Users\FARREL\Downloads\Techporia-main-2024\Techporia-main-2024\techporia23-main\vendor\codeigniter4\framework\system\View\View.php(216): CodeIgniter\View\View->CodeIgniter\View\{closure}()
#16 C:\Users\FARREL\Downloads\Techporia-main-2024\Techporia-main-2024\techporia23-main\vendor\codeigniter4\framework\system\View\View.php(431): CodeIgniter\View\View->render('layout/header', NULL, true)
#17 C:\Users\FARREL\Downloads\Techporia-main-2024\Techporia-main-2024\techporia23-main\app\Views\layout\master_layout.php(18): CodeIgniter\View\View->include('layout/header')
#18 C:\Users\FARREL\Downloads\Techporia-main-2024\Techporia-main-2024\techporia23-main\vendor\codeigniter4\framework\system\View\View.php(213): include('C:\\Users\\FARREL...')
#19 C:\Users\FARREL\Downloads\Techporia-main-2024\Techporia-main-2024\techporia23-main\vendor\codeigniter4\framework\system\View\View.php(216): CodeIgniter\View\View->CodeIgniter\View\{closure}()
#20 C:\Users\FARREL\Downloads\Techporia-main-2024\Techporia-main-2024\techporia23-main\vendor\codeigniter4\framework\system\View\View.php(229): CodeIgniter\View\View->render('layout/master_l...', Array, true)
#21 C:\Users\FARREL\Downloads\Techporia-main-2024\Techporia-main-2024\techporia23-main\vendor\codeigniter4\framework\system\Common.php(1184): CodeIgniter\View\View->render('main', Array, true)
#22 C:\Users\FARREL\Downloads\Techporia-main-2024\Techporia-main-2024\techporia23-main\app\Controllers\MainController.php(16): view('main')
#23 C:\Users\FARREL\Downloads\Techporia-main-2024\Techporia-main-2024\techporia23-main\vendor\codeigniter4\framework\system\CodeIgniter.php(934): App\Controllers\MainController->index()
#24 C:\Users\FARREL\Downloads\Techporia-main-2024\Techporia-main-2024\techporia23-main\vendor\codeigniter4\framework\system\CodeIgniter.php(499): CodeIgniter\CodeIgniter->runController(Object(App\Controllers\MainController))
#25 C:\Users\FARREL\Downloads\Techporia-main-2024\Techporia-main-2024\techporia23-main\vendor\codeigniter4\framework\system\CodeIgniter.php(368): CodeIgniter\CodeIgniter->handleRequest(NULL, Object(Config\Cache), false)
#26 C:\Users\FARREL\Downloads\Techporia-main-2024\Techporia-main-2024\techporia23-main\public\index.php(67): CodeIgniter\CodeIgniter->run()
#27 C:\Users\FARREL\Downloads\Techporia-main-2024\Techporia-main-2024\techporia23-main\vendor\codeigniter4\framework\system\Commands\Server\rewrite.php(47): require_once('C:\\Users\\FARREL...')
#28 {main}

Next CodeIgniter\Database\Exceptions\DatabaseException: Unknown database 'techpodb_23' in C:\Users\FARREL\Downloads\Techporia-main-2024\Techporia-main-2024\techporia23-main\vendor\codeigniter4\framework\system\Database\MySQLi\Connection.php:218
Stack trace:
#0 C:\Users\FARREL\Downloads\Techporia-main-2024\Techporia-main-2024\techporia23-main\vendor\codeigniter4\framework\system\Database\BaseConnection.php(391): CodeIgniter\Database\MySQLi\Connection->connect(false)
#1 C:\Users\FARREL\Downloads\Techporia-main-2024\Techporia-main-2024\techporia23-main\vendor\codeigniter4\framework\system\Database\BaseConnection.php(574): CodeIgniter\Database\BaseConnection->initialize()
#2 C:\Users\FARREL\Downloads\Techporia-main-2024\Techporia-main-2024\techporia23-main\vendor\codeigniter4\framework\system\Database\BaseBuilder.php(1616): CodeIgniter\Database\BaseConnection->query('SELECT *\nFROM `...', Array, false)
#3 C:\Users\FARREL\Downloads\Techporia-main-2024\Techporia-main-2024\techporia23-main\vendor\codeigniter4\settings\src\Handlers\DatabaseHandler.php(186): CodeIgniter\Database\BaseBuilder->get()
#4 C:\Users\FARREL\Downloads\Techporia-main-2024\Techporia-main-2024\techporia23-main\vendor\codeigniter4\settings\src\Handlers\DatabaseHandler.php(51): CodeIgniter\Settings\Handlers\DatabaseHandler->hydrate(NULL)
#5 C:\Users\FARREL\Downloads\Techporia-main-2024\Techporia-main-2024\techporia23-main\vendor\codeigniter4\settings\src\Settings.php(59): CodeIgniter\Settings\Handlers\DatabaseHandler->has('Config\\Auth', 'sessionConfig', NULL)
#6 C:\Users\FARREL\Downloads\Techporia-main-2024\Techporia-main-2024\techporia23-main\vendor\codeigniter4\settings\src\Helpers\setting_helper.php(25): CodeIgniter\Settings\Settings->get('Auth.sessionCon...')
#7 C:\Users\FARREL\Downloads\Techporia-main-2024\Techporia-main-2024\techporia23-main\vendor\codeigniter4\shield\src\Authentication\Authenticators\Session.php(685): setting('Auth.sessionCon...')
#8 C:\Users\FARREL\Downloads\Techporia-main-2024\Techporia-main-2024\techporia23-main\vendor\codeigniter4\shield\src\Authentication\Authenticators\Session.php(703): CodeIgniter\Shield\Authentication\Authenticators\Session->getSessionUserInfo()
#9 C:\Users\FARREL\Downloads\Techporia-main-2024\Techporia-main-2024\techporia23-main\vendor\codeigniter4\shield\src\Authentication\Authenticators\Session.php(390): CodeIgniter\Shield\Authentication\Authenticators\Session->getSessionUserKey('id')
#10 C:\Users\FARREL\Downloads\Techporia-main-2024\Techporia-main-2024\techporia23-main\vendor\codeigniter4\shield\src\Authentication\Authenticators\Session.php(374): CodeIgniter\Shield\Authentication\Authenticators\Session->checkUserState()
#11 C:\Users\FARREL\Downloads\Techporia-main-2024\Techporia-main-2024\techporia23-main\vendor\codeigniter4\shield\src\Auth.php(191): CodeIgniter\Shield\Authentication\Authenticators\Session->loggedIn()
#12 C:\Users\FARREL\Downloads\Techporia-main-2024\Techporia-main-2024\techporia23-main\app\Views\layout\header.php(59): CodeIgniter\Shield\Auth->__call('loggedIn', Array)
#13 C:\Users\FARREL\Downloads\Techporia-main-2024\Techporia-main-2024\techporia23-main\vendor\codeigniter4\framework\system\View\View.php(213): include('C:\\Users\\FARREL...')
#14 C:\Users\FARREL\Downloads\Techporia-main-2024\Techporia-main-2024\techporia23-main\vendor\codeigniter4\framework\system\View\View.php(216): CodeIgniter\View\View->CodeIgniter\View\{closure}()
#15 C:\Users\FARREL\Downloads\Techporia-main-2024\Techporia-main-2024\techporia23-main\vendor\codeigniter4\framework\system\View\View.php(431): CodeIgniter\View\View->render('layout/header', NULL, true)
#16 C:\Users\FARREL\Downloads\Techporia-main-2024\Techporia-main-2024\techporia23-main\app\Views\layout\master_layout.php(18): CodeIgniter\View\View->include('layout/header')
#17 C:\Users\FARREL\Downloads\Techporia-main-2024\Techporia-main-2024\techporia23-main\vendor\codeigniter4\framework\system\View\View.php(213): include('C:\\Users\\FARREL...')
#18 C:\Users\FARREL\Downloads\Techporia-main-2024\Techporia-main-2024\techporia23-main\vendor\codeigniter4\framework\system\View\View.php(216): CodeIgniter\View\View->CodeIgniter\View\{closure}()
#19 C:\Users\FARREL\Downloads\Techporia-main-2024\Techporia-main-2024\techporia23-main\vendor\codeigniter4\framework\system\View\View.php(229): CodeIgniter\View\View->render('layout/master_l...', Array, true)
#20 C:\Users\FARREL\Downloads\Techporia-main-2024\Techporia-main-2024\techporia23-main\vendor\codeigniter4\framework\system\Common.php(1184): CodeIgniter\View\View->render('main', Array, true)
#21 C:\Users\FARREL\Downloads\Techporia-main-2024\Techporia-main-2024\techporia23-main\app\Controllers\MainController.php(16): view('main')
#22 C:\Users\FARREL\Downloads\Techporia-main-2024\Techporia-main-2024\techporia23-main\vendor\codeigniter4\framework\system\CodeIgniter.php(934): App\Controllers\MainController->index()
#23 C:\Users\FARREL\Downloads\Techporia-main-2024\Techporia-main-2024\techporia23-main\vendor\codeigniter4\framework\system\CodeIgniter.php(499): CodeIgniter\CodeIgniter->runController(Object(App\Controllers\MainController))
#24 C:\Users\FARREL\Downloads\Techporia-main-2024\Techporia-main-2024\techporia23-main\vendor\codeigniter4\framework\system\CodeIgniter.php(368): CodeIgniter\CodeIgniter->handleRequest(NULL, Object(Config\Cache), false)
#25 C:\Users\FARREL\Downloads\Techporia-main-2024\Techporia-main-2024\techporia23-main\public\index.php(67): CodeIgniter\CodeIgniter->run()
#26 C:\Users\FARREL\Downloads\Techporia-main-2024\Techporia-main-2024\techporia23-main\vendor\codeigniter4\framework\system\Commands\Server\rewrite.php(47): require_once('C:\\Users\\FARREL...')
#27 {main}
CRITICAL - 2025-06-15 18:24:57 --> Unable to connect to the database.
Main connection [MySQLi]: Unknown database 'techpodb_23'
in SYSTEMPATH\Database\BaseConnection.php on line 427.
 1 SYSTEMPATH\Database\BaseConnection.php(574): CodeIgniter\Database\BaseConnection->initialize()
 2 SYSTEMPATH\Database\BaseBuilder.php(1616): CodeIgniter\Database\BaseConnection->query('SELECT *
FROM `settings`
WHERE `context` IS NULL', [], false)
 3 VENDORPATH\codeigniter4\settings\src\Handlers\DatabaseHandler.php(186): CodeIgniter\Database\BaseBuilder->get()
 4 VENDORPATH\codeigniter4\settings\src\Handlers\DatabaseHandler.php(51): CodeIgniter\Settings\Handlers\DatabaseHandler->hydrate(null)
 5 VENDORPATH\codeigniter4\settings\src\Settings.php(59): CodeIgniter\Settings\Handlers\DatabaseHandler->has('Config\\Auth', 'sessionConfig', null)
 6 VENDORPATH\codeigniter4\settings\src\Helpers\setting_helper.php(25): CodeIgniter\Settings\Settings->get('Auth.sessionConfig')
 7 VENDORPATH\codeigniter4\shield\src\Authentication\Authenticators\Session.php(685): setting('Auth.sessionConfig')
 8 VENDORPATH\codeigniter4\shield\src\Authentication\Authenticators\Session.php(703): CodeIgniter\Shield\Authentication\Authenticators\Session->getSessionUserInfo()
 9 VENDORPATH\codeigniter4\shield\src\Authentication\Authenticators\Session.php(390): CodeIgniter\Shield\Authentication\Authenticators\Session->getSessionUserKey('id')
10 VENDORPATH\codeigniter4\shield\src\Authentication\Authenticators\Session.php(374): CodeIgniter\Shield\Authentication\Authenticators\Session->checkUserState()
11 VENDORPATH\codeigniter4\shield\src\Auth.php(191): CodeIgniter\Shield\Authentication\Authenticators\Session->loggedIn()
12 APPPATH\Views\layout\header.php(59): CodeIgniter\Shield\Auth->__call('loggedIn', [])
13 SYSTEMPATH\View\View.php(213): include('C:\\Users\\FARREL\\Downloads\\Techporia-main-2024\\Techporia-main-2024\\techporia23-main\\app\\Views\\layout\\header.php')
14 SYSTEMPATH\View\View.php(216): CodeIgniter\View\View->CodeIgniter\View\{closure}()
15 SYSTEMPATH\View\View.php(431): CodeIgniter\View\View->render('layout/header', null, true)
16 APPPATH\Views\layout\master_layout.php(18): CodeIgniter\View\View->include('layout/header')
17 SYSTEMPATH\View\View.php(213): include('C:\\Users\\FARREL\\Downloads\\Techporia-main-2024\\Techporia-main-2024\\techporia23-main\\app\\Views\\layout\\master_layout.php')
18 SYSTEMPATH\View\View.php(216): CodeIgniter\View\View->CodeIgniter\View\{closure}()
19 SYSTEMPATH\View\View.php(229): CodeIgniter\View\View->render('layout/master_layout', [], true)
20 SYSTEMPATH\Common.php(1184): CodeIgniter\View\View->render('main', [], true)
21 APPPATH\Controllers\MainController.php(16): view('main')
22 SYSTEMPATH\CodeIgniter.php(934): App\Controllers\MainController->index()
23 SYSTEMPATH\CodeIgniter.php(499): CodeIgniter\CodeIgniter->runController(Object(App\Controllers\MainController))
24 SYSTEMPATH\CodeIgniter.php(368): CodeIgniter\CodeIgniter->handleRequest(null, Object(Config\Cache), false)
25 FCPATH\index.php(67): CodeIgniter\CodeIgniter->run()
26 SYSTEMPATH\Commands\Server\rewrite.php(47): require_once('C:\\Users\\FARREL\\Downloads\\Techporia-main-2024\\Techporia-main-2024\\techporia23-main\\public\\index.php')
ERROR - 2025-06-15 18:25:56 --> Error connecting to the database: mysqli_sql_exception: Unknown database 'techpodb_23' in C:\Users\FARREL\Downloads\Techporia-main-2024\Techporia-main-2024\techporia23-main\vendor\codeigniter4\framework\system\Database\MySQLi\Connection.php:173
Stack trace:
#0 C:\Users\FARREL\Downloads\Techporia-main-2024\Techporia-main-2024\techporia23-main\vendor\codeigniter4\framework\system\Database\MySQLi\Connection.php(173): mysqli->real_connect('localhost', 'root', Object(SensitiveParameterValue), 'techpodb_23', 3306, '', 0)
#1 C:\Users\FARREL\Downloads\Techporia-main-2024\Techporia-main-2024\techporia23-main\vendor\codeigniter4\framework\system\Database\BaseConnection.php(391): CodeIgniter\Database\MySQLi\Connection->connect(false)
#2 C:\Users\FARREL\Downloads\Techporia-main-2024\Techporia-main-2024\techporia23-main\vendor\codeigniter4\framework\system\Database\BaseConnection.php(574): CodeIgniter\Database\BaseConnection->initialize()
#3 C:\Users\FARREL\Downloads\Techporia-main-2024\Techporia-main-2024\techporia23-main\vendor\codeigniter4\framework\system\Database\BaseBuilder.php(1616): CodeIgniter\Database\BaseConnection->query('SELECT *\nFROM `...', Array, false)
#4 C:\Users\FARREL\Downloads\Techporia-main-2024\Techporia-main-2024\techporia23-main\vendor\codeigniter4\settings\src\Handlers\DatabaseHandler.php(186): CodeIgniter\Database\BaseBuilder->get()
#5 C:\Users\FARREL\Downloads\Techporia-main-2024\Techporia-main-2024\techporia23-main\vendor\codeigniter4\settings\src\Handlers\DatabaseHandler.php(51): CodeIgniter\Settings\Handlers\DatabaseHandler->hydrate(NULL)
#6 C:\Users\FARREL\Downloads\Techporia-main-2024\Techporia-main-2024\techporia23-main\vendor\codeigniter4\settings\src\Settings.php(59): CodeIgniter\Settings\Handlers\DatabaseHandler->has('Config\\Auth', 'sessionConfig', NULL)
#7 C:\Users\FARREL\Downloads\Techporia-main-2024\Techporia-main-2024\techporia23-main\vendor\codeigniter4\settings\src\Helpers\setting_helper.php(25): CodeIgniter\Settings\Settings->get('Auth.sessionCon...')
#8 C:\Users\FARREL\Downloads\Techporia-main-2024\Techporia-main-2024\techporia23-main\vendor\codeigniter4\shield\src\Authentication\Authenticators\Session.php(685): setting('Auth.sessionCon...')
#9 C:\Users\FARREL\Downloads\Techporia-main-2024\Techporia-main-2024\techporia23-main\vendor\codeigniter4\shield\src\Authentication\Authenticators\Session.php(703): CodeIgniter\Shield\Authentication\Authenticators\Session->getSessionUserInfo()
#10 C:\Users\FARREL\Downloads\Techporia-main-2024\Techporia-main-2024\techporia23-main\vendor\codeigniter4\shield\src\Authentication\Authenticators\Session.php(390): CodeIgniter\Shield\Authentication\Authenticators\Session->getSessionUserKey('id')
#11 C:\Users\FARREL\Downloads\Techporia-main-2024\Techporia-main-2024\techporia23-main\vendor\codeigniter4\shield\src\Authentication\Authenticators\Session.php(374): CodeIgniter\Shield\Authentication\Authenticators\Session->checkUserState()
#12 C:\Users\FARREL\Downloads\Techporia-main-2024\Techporia-main-2024\techporia23-main\vendor\codeigniter4\shield\src\Auth.php(191): CodeIgniter\Shield\Authentication\Authenticators\Session->loggedIn()
#13 C:\Users\FARREL\Downloads\Techporia-main-2024\Techporia-main-2024\techporia23-main\app\Views\layout\header.php(59): CodeIgniter\Shield\Auth->__call('loggedIn', Array)
#14 C:\Users\FARREL\Downloads\Techporia-main-2024\Techporia-main-2024\techporia23-main\vendor\codeigniter4\framework\system\View\View.php(213): include('C:\\Users\\FARREL...')
#15 C:\Users\FARREL\Downloads\Techporia-main-2024\Techporia-main-2024\techporia23-main\vendor\codeigniter4\framework\system\View\View.php(216): CodeIgniter\View\View->CodeIgniter\View\{closure}()
#16 C:\Users\FARREL\Downloads\Techporia-main-2024\Techporia-main-2024\techporia23-main\vendor\codeigniter4\framework\system\View\View.php(431): CodeIgniter\View\View->render('layout/header', NULL, true)
#17 C:\Users\FARREL\Downloads\Techporia-main-2024\Techporia-main-2024\techporia23-main\app\Views\layout\master_layout.php(18): CodeIgniter\View\View->include('layout/header')
#18 C:\Users\FARREL\Downloads\Techporia-main-2024\Techporia-main-2024\techporia23-main\vendor\codeigniter4\framework\system\View\View.php(213): include('C:\\Users\\FARREL...')
#19 C:\Users\FARREL\Downloads\Techporia-main-2024\Techporia-main-2024\techporia23-main\vendor\codeigniter4\framework\system\View\View.php(216): CodeIgniter\View\View->CodeIgniter\View\{closure}()
#20 C:\Users\FARREL\Downloads\Techporia-main-2024\Techporia-main-2024\techporia23-main\vendor\codeigniter4\framework\system\View\View.php(229): CodeIgniter\View\View->render('layout/master_l...', Array, true)
#21 C:\Users\FARREL\Downloads\Techporia-main-2024\Techporia-main-2024\techporia23-main\vendor\codeigniter4\framework\system\Common.php(1184): CodeIgniter\View\View->render('main', Array, true)
#22 C:\Users\FARREL\Downloads\Techporia-main-2024\Techporia-main-2024\techporia23-main\app\Controllers\MainController.php(16): view('main')
#23 C:\Users\FARREL\Downloads\Techporia-main-2024\Techporia-main-2024\techporia23-main\vendor\codeigniter4\framework\system\CodeIgniter.php(934): App\Controllers\MainController->index()
#24 C:\Users\FARREL\Downloads\Techporia-main-2024\Techporia-main-2024\techporia23-main\vendor\codeigniter4\framework\system\CodeIgniter.php(499): CodeIgniter\CodeIgniter->runController(Object(App\Controllers\MainController))
#25 C:\Users\FARREL\Downloads\Techporia-main-2024\Techporia-main-2024\techporia23-main\vendor\codeigniter4\framework\system\CodeIgniter.php(368): CodeIgniter\CodeIgniter->handleRequest(NULL, Object(Config\Cache), false)
#26 C:\Users\FARREL\Downloads\Techporia-main-2024\Techporia-main-2024\techporia23-main\public\index.php(67): CodeIgniter\CodeIgniter->run()
#27 C:\Users\FARREL\Downloads\Techporia-main-2024\Techporia-main-2024\techporia23-main\vendor\codeigniter4\framework\system\Commands\Server\rewrite.php(47): require_once('C:\\Users\\FARREL...')
#28 {main}

Next CodeIgniter\Database\Exceptions\DatabaseException: Unknown database 'techpodb_23' in C:\Users\FARREL\Downloads\Techporia-main-2024\Techporia-main-2024\techporia23-main\vendor\codeigniter4\framework\system\Database\MySQLi\Connection.php:218
Stack trace:
#0 C:\Users\FARREL\Downloads\Techporia-main-2024\Techporia-main-2024\techporia23-main\vendor\codeigniter4\framework\system\Database\BaseConnection.php(391): CodeIgniter\Database\MySQLi\Connection->connect(false)
#1 C:\Users\FARREL\Downloads\Techporia-main-2024\Techporia-main-2024\techporia23-main\vendor\codeigniter4\framework\system\Database\BaseConnection.php(574): CodeIgniter\Database\BaseConnection->initialize()
#2 C:\Users\FARREL\Downloads\Techporia-main-2024\Techporia-main-2024\techporia23-main\vendor\codeigniter4\framework\system\Database\BaseBuilder.php(1616): CodeIgniter\Database\BaseConnection->query('SELECT *\nFROM `...', Array, false)
#3 C:\Users\FARREL\Downloads\Techporia-main-2024\Techporia-main-2024\techporia23-main\vendor\codeigniter4\settings\src\Handlers\DatabaseHandler.php(186): CodeIgniter\Database\BaseBuilder->get()
#4 C:\Users\FARREL\Downloads\Techporia-main-2024\Techporia-main-2024\techporia23-main\vendor\codeigniter4\settings\src\Handlers\DatabaseHandler.php(51): CodeIgniter\Settings\Handlers\DatabaseHandler->hydrate(NULL)
#5 C:\Users\FARREL\Downloads\Techporia-main-2024\Techporia-main-2024\techporia23-main\vendor\codeigniter4\settings\src\Settings.php(59): CodeIgniter\Settings\Handlers\DatabaseHandler->has('Config\\Auth', 'sessionConfig', NULL)
#6 C:\Users\FARREL\Downloads\Techporia-main-2024\Techporia-main-2024\techporia23-main\vendor\codeigniter4\settings\src\Helpers\setting_helper.php(25): CodeIgniter\Settings\Settings->get('Auth.sessionCon...')
#7 C:\Users\FARREL\Downloads\Techporia-main-2024\Techporia-main-2024\techporia23-main\vendor\codeigniter4\shield\src\Authentication\Authenticators\Session.php(685): setting('Auth.sessionCon...')
#8 C:\Users\FARREL\Downloads\Techporia-main-2024\Techporia-main-2024\techporia23-main\vendor\codeigniter4\shield\src\Authentication\Authenticators\Session.php(703): CodeIgniter\Shield\Authentication\Authenticators\Session->getSessionUserInfo()
#9 C:\Users\FARREL\Downloads\Techporia-main-2024\Techporia-main-2024\techporia23-main\vendor\codeigniter4\shield\src\Authentication\Authenticators\Session.php(390): CodeIgniter\Shield\Authentication\Authenticators\Session->getSessionUserKey('id')
#10 C:\Users\FARREL\Downloads\Techporia-main-2024\Techporia-main-2024\techporia23-main\vendor\codeigniter4\shield\src\Authentication\Authenticators\Session.php(374): CodeIgniter\Shield\Authentication\Authenticators\Session->checkUserState()
#11 C:\Users\FARREL\Downloads\Techporia-main-2024\Techporia-main-2024\techporia23-main\vendor\codeigniter4\shield\src\Auth.php(191): CodeIgniter\Shield\Authentication\Authenticators\Session->loggedIn()
#12 C:\Users\FARREL\Downloads\Techporia-main-2024\Techporia-main-2024\techporia23-main\app\Views\layout\header.php(59): CodeIgniter\Shield\Auth->__call('loggedIn', Array)
#13 C:\Users\FARREL\Downloads\Techporia-main-2024\Techporia-main-2024\techporia23-main\vendor\codeigniter4\framework\system\View\View.php(213): include('C:\\Users\\FARREL...')
#14 C:\Users\FARREL\Downloads\Techporia-main-2024\Techporia-main-2024\techporia23-main\vendor\codeigniter4\framework\system\View\View.php(216): CodeIgniter\View\View->CodeIgniter\View\{closure}()
#15 C:\Users\FARREL\Downloads\Techporia-main-2024\Techporia-main-2024\techporia23-main\vendor\codeigniter4\framework\system\View\View.php(431): CodeIgniter\View\View->render('layout/header', NULL, true)
#16 C:\Users\FARREL\Downloads\Techporia-main-2024\Techporia-main-2024\techporia23-main\app\Views\layout\master_layout.php(18): CodeIgniter\View\View->include('layout/header')
#17 C:\Users\FARREL\Downloads\Techporia-main-2024\Techporia-main-2024\techporia23-main\vendor\codeigniter4\framework\system\View\View.php(213): include('C:\\Users\\FARREL...')
#18 C:\Users\FARREL\Downloads\Techporia-main-2024\Techporia-main-2024\techporia23-main\vendor\codeigniter4\framework\system\View\View.php(216): CodeIgniter\View\View->CodeIgniter\View\{closure}()
#19 C:\Users\FARREL\Downloads\Techporia-main-2024\Techporia-main-2024\techporia23-main\vendor\codeigniter4\framework\system\View\View.php(229): CodeIgniter\View\View->render('layout/master_l...', Array, true)
#20 C:\Users\FARREL\Downloads\Techporia-main-2024\Techporia-main-2024\techporia23-main\vendor\codeigniter4\framework\system\Common.php(1184): CodeIgniter\View\View->render('main', Array, true)
#21 C:\Users\FARREL\Downloads\Techporia-main-2024\Techporia-main-2024\techporia23-main\app\Controllers\MainController.php(16): view('main')
#22 C:\Users\FARREL\Downloads\Techporia-main-2024\Techporia-main-2024\techporia23-main\vendor\codeigniter4\framework\system\CodeIgniter.php(934): App\Controllers\MainController->index()
#23 C:\Users\FARREL\Downloads\Techporia-main-2024\Techporia-main-2024\techporia23-main\vendor\codeigniter4\framework\system\CodeIgniter.php(499): CodeIgniter\CodeIgniter->runController(Object(App\Controllers\MainController))
#24 C:\Users\FARREL\Downloads\Techporia-main-2024\Techporia-main-2024\techporia23-main\vendor\codeigniter4\framework\system\CodeIgniter.php(368): CodeIgniter\CodeIgniter->handleRequest(NULL, Object(Config\Cache), false)
#25 C:\Users\FARREL\Downloads\Techporia-main-2024\Techporia-main-2024\techporia23-main\public\index.php(67): CodeIgniter\CodeIgniter->run()
#26 C:\Users\FARREL\Downloads\Techporia-main-2024\Techporia-main-2024\techporia23-main\vendor\codeigniter4\framework\system\Commands\Server\rewrite.php(47): require_once('C:\\Users\\FARREL...')
#27 {main}
CRITICAL - 2025-06-15 18:25:56 --> Unable to connect to the database.
Main connection [MySQLi]: Unknown database 'techpodb_23'
in SYSTEMPATH\Database\BaseConnection.php on line 427.
 1 SYSTEMPATH\Database\BaseConnection.php(574): CodeIgniter\Database\BaseConnection->initialize()
 2 SYSTEMPATH\Database\BaseBuilder.php(1616): CodeIgniter\Database\BaseConnection->query('SELECT *
FROM `settings`
WHERE `context` IS NULL', [], false)
 3 VENDORPATH\codeigniter4\settings\src\Handlers\DatabaseHandler.php(186): CodeIgniter\Database\BaseBuilder->get()
 4 VENDORPATH\codeigniter4\settings\src\Handlers\DatabaseHandler.php(51): CodeIgniter\Settings\Handlers\DatabaseHandler->hydrate(null)
 5 VENDORPATH\codeigniter4\settings\src\Settings.php(59): CodeIgniter\Settings\Handlers\DatabaseHandler->has('Config\\Auth', 'sessionConfig', null)
 6 VENDORPATH\codeigniter4\settings\src\Helpers\setting_helper.php(25): CodeIgniter\Settings\Settings->get('Auth.sessionConfig')
 7 VENDORPATH\codeigniter4\shield\src\Authentication\Authenticators\Session.php(685): setting('Auth.sessionConfig')
 8 VENDORPATH\codeigniter4\shield\src\Authentication\Authenticators\Session.php(703): CodeIgniter\Shield\Authentication\Authenticators\Session->getSessionUserInfo()
 9 VENDORPATH\codeigniter4\shield\src\Authentication\Authenticators\Session.php(390): CodeIgniter\Shield\Authentication\Authenticators\Session->getSessionUserKey('id')
10 VENDORPATH\codeigniter4\shield\src\Authentication\Authenticators\Session.php(374): CodeIgniter\Shield\Authentication\Authenticators\Session->checkUserState()
11 VENDORPATH\codeigniter4\shield\src\Auth.php(191): CodeIgniter\Shield\Authentication\Authenticators\Session->loggedIn()
12 APPPATH\Views\layout\header.php(59): CodeIgniter\Shield\Auth->__call('loggedIn', [])
13 SYSTEMPATH\View\View.php(213): include('C:\\Users\\FARREL\\Downloads\\Techporia-main-2024\\Techporia-main-2024\\techporia23-main\\app\\Views\\layout\\header.php')
14 SYSTEMPATH\View\View.php(216): CodeIgniter\View\View->CodeIgniter\View\{closure}()
15 SYSTEMPATH\View\View.php(431): CodeIgniter\View\View->render('layout/header', null, true)
16 APPPATH\Views\layout\master_layout.php(18): CodeIgniter\View\View->include('layout/header')
17 SYSTEMPATH\View\View.php(213): include('C:\\Users\\FARREL\\Downloads\\Techporia-main-2024\\Techporia-main-2024\\techporia23-main\\app\\Views\\layout\\master_layout.php')
18 SYSTEMPATH\View\View.php(216): CodeIgniter\View\View->CodeIgniter\View\{closure}()
19 SYSTEMPATH\View\View.php(229): CodeIgniter\View\View->render('layout/master_layout', [], true)
20 SYSTEMPATH\Common.php(1184): CodeIgniter\View\View->render('main', [], true)
21 APPPATH\Controllers\MainController.php(16): view('main')
22 SYSTEMPATH\CodeIgniter.php(934): App\Controllers\MainController->index()
23 SYSTEMPATH\CodeIgniter.php(499): CodeIgniter\CodeIgniter->runController(Object(App\Controllers\MainController))
24 SYSTEMPATH\CodeIgniter.php(368): CodeIgniter\CodeIgniter->handleRequest(null, Object(Config\Cache), false)
25 FCPATH\index.php(67): CodeIgniter\CodeIgniter->run()
26 SYSTEMPATH\Commands\Server\rewrite.php(47): require_once('C:\\Users\\FARREL\\Downloads\\Techporia-main-2024\\Techporia-main-2024\\techporia23-main\\public\\index.php')
CRITICAL - 2025-06-15 18:32:54 --> Invalid file: "sejarah/sejarah-2024.php"
in SYSTEMPATH\Exceptions\FrameworkException.php on line 33.
 1 SYSTEMPATH\View\View.php(201): CodeIgniter\Exceptions\FrameworkException::forInvalidFile('sejarah/sejarah-2024.php')
 2 SYSTEMPATH\Common.php(1184): CodeIgniter\View\View->render('sejarah/sejarah-2024', [], true)
 3 APPPATH\Controllers\MainController.php(94): view('sejarah/sejarah-2024', [...])
 4 SYSTEMPATH\CodeIgniter.php(934): App\Controllers\MainController->sejarah('2024')
 5 SYSTEMPATH\CodeIgniter.php(499): CodeIgniter\CodeIgniter->runController(Object(App\Controllers\MainController))
 6 SYSTEMPATH\CodeIgniter.php(368): CodeIgniter\CodeIgniter->handleRequest(null, Object(Config\Cache), false)
 7 FCPATH\index.php(67): CodeIgniter\CodeIgniter->run()
 8 SYSTEMPATH\Commands\Server\rewrite.php(47): require_once('C:\\Users\\FARREL\\Downloads\\Techporia-main-2024\\Techporia-main-2024\\techporia23-main\\public\\index.php')
CRITICAL - 2025-06-15 18:33:09 --> Invalid file: "sejarah/sejarah-2024.php"
in SYSTEMPATH\Exceptions\FrameworkException.php on line 33.
 1 SYSTEMPATH\View\View.php(201): CodeIgniter\Exceptions\FrameworkException::forInvalidFile('sejarah/sejarah-2024.php')
 2 SYSTEMPATH\Common.php(1184): CodeIgniter\View\View->render('sejarah/sejarah-2024', [], true)
 3 APPPATH\Controllers\MainController.php(94): view('sejarah/sejarah-2024', [...])
 4 SYSTEMPATH\CodeIgniter.php(934): App\Controllers\MainController->sejarah('2024')
 5 SYSTEMPATH\CodeIgniter.php(499): CodeIgniter\CodeIgniter->runController(Object(App\Controllers\MainController))
 6 SYSTEMPATH\CodeIgniter.php(368): CodeIgniter\CodeIgniter->handleRequest(null, Object(Config\Cache), false)
 7 FCPATH\index.php(67): CodeIgniter\CodeIgniter->run()
 8 SYSTEMPATH\Commands\Server\rewrite.php(47): require_once('C:\\Users\\FARREL\\Downloads\\Techporia-main-2024\\Techporia-main-2024\\techporia23-main\\public\\index.php')
CRITICAL - 2025-06-15 18:36:04 --> Invalid file: "sejarah/sejarah-2024.php"
in SYSTEMPATH\Exceptions\FrameworkException.php on line 33.
 1 SYSTEMPATH\View\View.php(201): CodeIgniter\Exceptions\FrameworkException::forInvalidFile('sejarah/sejarah-2024.php')
 2 SYSTEMPATH\Common.php(1184): CodeIgniter\View\View->render('sejarah/sejarah-2024', [], true)
 3 APPPATH\Controllers\MainController.php(94): view('sejarah/sejarah-2024', [...])
 4 SYSTEMPATH\CodeIgniter.php(934): App\Controllers\MainController->sejarah('2024')
 5 SYSTEMPATH\CodeIgniter.php(499): CodeIgniter\CodeIgniter->runController(Object(App\Controllers\MainController))
 6 SYSTEMPATH\CodeIgniter.php(368): CodeIgniter\CodeIgniter->handleRequest(null, Object(Config\Cache), false)
 7 FCPATH\index.php(67): CodeIgniter\CodeIgniter->run()
 8 SYSTEMPATH\Commands\Server\rewrite.php(47): require_once('C:\\Users\\FARREL\\Downloads\\Techporia-main-2024\\Techporia-main-2024\\techporia23-main\\public\\index.php')
CRITICAL - 2025-06-15 18:36:14 --> Invalid file: "sejarah/sejarah-2024.php"
in SYSTEMPATH\Exceptions\FrameworkException.php on line 33.
 1 SYSTEMPATH\View\View.php(201): CodeIgniter\Exceptions\FrameworkException::forInvalidFile('sejarah/sejarah-2024.php')
 2 SYSTEMPATH\Common.php(1184): CodeIgniter\View\View->render('sejarah/sejarah-2024', [], true)
 3 APPPATH\Controllers\MainController.php(94): view('sejarah/sejarah-2024', [...])
 4 SYSTEMPATH\CodeIgniter.php(934): App\Controllers\MainController->sejarah('2024')
 5 SYSTEMPATH\CodeIgniter.php(499): CodeIgniter\CodeIgniter->runController(Object(App\Controllers\MainController))
 6 SYSTEMPATH\CodeIgniter.php(368): CodeIgniter\CodeIgniter->handleRequest(null, Object(Config\Cache), false)
 7 FCPATH\index.php(67): CodeIgniter\CodeIgniter->run()
 8 SYSTEMPATH\Commands\Server\rewrite.php(47): require_once('C:\\Users\\FARREL\\Downloads\\Techporia-main-2024\\Techporia-main-2024\\techporia23-main\\public\\index.php')
ERROR - 2025-06-15 18:41:49 --> Email: Unable to send email using SMTP. Your server might not be configured to send mail using this method.
ERROR - 2025-06-15 18:41:49 --> 220 smtp.gmail.com ESMTP 98e67ed59e1d1-313c19dcd05sm7344384a91.14 - gsmtp

hello: 250-smtp.gmail.com at your service, [2405:8180:e03:14ad:bde0:588a:d3cd:aba]
250-SIZE 35882577
250-8BITMIME
250-AUTH LOGIN PLAIN XOAUTH2 PLAIN-CLIENTTOKEN OAUTHBEARER XOAUTH
250-ENHANCEDSTATUSCODES
250-PIPELINING
250-CHUNKING
250 SMTPUTF8

Failed to authenticate password. Error: 535-5.7.8 Username and Password not accepted. For more information, go to
535 5.7.8  https://support.google.com/mail/?p=BadCredentials 98e67ed59e1d1-313c19dcd05sm7344384a91.14 - gsmtp

CRITICAL - 2025-06-15 18:41:49 --> Cannot send email for user: farrelathaillah19@gmail.com
220 smtp.gmail.com ESMTP 98e67ed59e1d1-313c19dcd05sm7344384a91.14 - gsmtp
<br><pre>hello: 250-smtp.gmail.com at your service, [2405:8180:e03:14ad:bde0:588a:d3cd:aba]
250-SIZE 35882577
250-8BITMIME
250-AUTH LOGIN PLAIN XOAUTH2 PLAIN-CLIENTTOKEN OAUTHBEARER XOAUTH
250-ENHANCEDSTATUSCODES
250-PIPELINING
250-CHUNKING
250 SMTPUTF8
</pre>Failed to authenticate password. Error: 535-5.7.8 Username and Password not accepted. For more information, go to
535 5.7.8  https://support.google.com/mail/?p=BadCredentials 98e67ed59e1d1-313c19dcd05sm7344384a91.14 - gsmtp
<br>Unable to send email using SMTP. Your server might not be configured to send mail using this method.<br><pre>Date: Sun, 15 Jun 2025 18:41:47 +0700
From: &quot;Technology Euphoria&quot; &lt;admin@technologyeuphoria.web.id&gt;
Return-Path: &lt;admin@technologyeuphoria.web.id&gt;
To: farrelathaillah19@gmail.com
Subject: =?UTF-8?Q?Your=20activation=20code?=
Reply-To: &lt;admin@technologyeuphoria.web.id&gt;
User-Agent: CodeIgniter
X-Sender: admin@technologyeuphoria.web.id
X-Mailer: CodeIgniter
X-Priority: 3 (Normal)
Message-ID: &lt;684eb17b3dbb92.83313800@technologyeuphoria.web.id&gt;
Mime-Version: 1.0

</pre>
in VENDORPATH\codeigniter4\shield\src\Authentication\Actions\EmailActivator.php on line 79.
 1 VENDORPATH\codeigniter4\shield\src\Controllers\ActionController.php(62): CodeIgniter\Shield\Authentication\Actions\EmailActivator->show()
 2 VENDORPATH\codeigniter4\shield\src\Controllers\ActionController.php(50): CodeIgniter\Shield\Controllers\ActionController->show()
 3 SYSTEMPATH\CodeIgniter.php(933): CodeIgniter\Shield\Controllers\ActionController->_remap('show')
 4 SYSTEMPATH\CodeIgniter.php(499): CodeIgniter\CodeIgniter->runController(Object(CodeIgniter\Shield\Controllers\ActionController))
 5 SYSTEMPATH\CodeIgniter.php(368): CodeIgniter\CodeIgniter->handleRequest(null, Object(Config\Cache), false)
 6 FCPATH\index.php(67): CodeIgniter\CodeIgniter->run()
 7 SYSTEMPATH\Commands\Server\rewrite.php(47): require_once('C:\\Users\\FARREL\\Downloads\\Techporia-main-2024\\Techporia-main-2024\\techporia23-main\\public\\index.php')
ERROR - 2025-06-15 18:41:58 --> Email: Unable to send email using SMTP. Your server might not be configured to send mail using this method.
ERROR - 2025-06-15 18:41:58 --> 220 smtp.gmail.com ESMTP 41be03b00d2f7-b2fe1680420sm4039374a12.38 - gsmtp

hello: 250-smtp.gmail.com at your service, [2405:8180:e03:14ad:bde0:588a:d3cd:aba]
250-SIZE 35882577
250-8BITMIME
250-AUTH LOGIN PLAIN XOAUTH2 PLAIN-CLIENTTOKEN OAUTHBEARER XOAUTH
250-ENHANCEDSTATUSCODES
250-PIPELINING
250-CHUNKING
250 SMTPUTF8

Failed to authenticate password. Error: 535-5.7.8 Username and Password not accepted. For more information, go to
535 5.7.8  https://support.google.com/mail/?p=BadCredentials 41be03b00d2f7-b2fe1680420sm4039374a12.38 - gsmtp

CRITICAL - 2025-06-15 18:41:58 --> Cannot send email for user: farrelathaillah19@gmail.com
220 smtp.gmail.com ESMTP 41be03b00d2f7-b2fe1680420sm4039374a12.38 - gsmtp
<br><pre>hello: 250-smtp.gmail.com at your service, [2405:8180:e03:14ad:bde0:588a:d3cd:aba]
250-SIZE 35882577
250-8BITMIME
250-AUTH LOGIN PLAIN XOAUTH2 PLAIN-CLIENTTOKEN OAUTHBEARER XOAUTH
250-ENHANCEDSTATUSCODES
250-PIPELINING
250-CHUNKING
250 SMTPUTF8
</pre>Failed to authenticate password. Error: 535-5.7.8 Username and Password not accepted. For more information, go to
535 5.7.8  https://support.google.com/mail/?p=BadCredentials 41be03b00d2f7-b2fe1680420sm4039374a12.38 - gsmtp
<br>Unable to send email using SMTP. Your server might not be configured to send mail using this method.<br><pre>Date: Sun, 15 Jun 2025 18:41:57 +0700
From: &quot;Technology Euphoria&quot; &lt;admin@technologyeuphoria.web.id&gt;
Return-Path: &lt;admin@technologyeuphoria.web.id&gt;
To: farrelathaillah19@gmail.com
Subject: =?UTF-8?Q?Your=20activation=20code?=
Reply-To: &lt;admin@technologyeuphoria.web.id&gt;
User-Agent: CodeIgniter
X-Sender: admin@technologyeuphoria.web.id
X-Mailer: CodeIgniter
X-Priority: 3 (Normal)
Message-ID: &lt;684eb1854b37a2.92679190@technologyeuphoria.web.id&gt;
Mime-Version: 1.0

</pre>
in VENDORPATH\codeigniter4\shield\src\Authentication\Actions\EmailActivator.php on line 79.
 1 VENDORPATH\codeigniter4\shield\src\Controllers\ActionController.php(62): CodeIgniter\Shield\Authentication\Actions\EmailActivator->show()
 2 VENDORPATH\codeigniter4\shield\src\Controllers\ActionController.php(50): CodeIgniter\Shield\Controllers\ActionController->show()
 3 SYSTEMPATH\CodeIgniter.php(933): CodeIgniter\Shield\Controllers\ActionController->_remap('show')
 4 SYSTEMPATH\CodeIgniter.php(499): CodeIgniter\CodeIgniter->runController(Object(CodeIgniter\Shield\Controllers\ActionController))
 5 SYSTEMPATH\CodeIgniter.php(368): CodeIgniter\CodeIgniter->handleRequest(null, Object(Config\Cache), false)
 6 FCPATH\index.php(67): CodeIgniter\CodeIgniter->run()
 7 SYSTEMPATH\Commands\Server\rewrite.php(47): require_once('C:\\Users\\FARREL\\Downloads\\Techporia-main-2024\\Techporia-main-2024\\techporia23-main\\public\\index.php')
ERROR - 2025-06-15 18:42:02 --> Email: Unable to send email using SMTP. Your server might not be configured to send mail using this method.
ERROR - 2025-06-15 18:42:02 --> 220 smtp.gmail.com ESMTP d9443c01a7336-2365d8a1fafsm43230955ad.70 - gsmtp

hello: 250-smtp.gmail.com at your service, [2405:8180:e03:14ad:bde0:588a:d3cd:aba]
250-SIZE 35882577
250-8BITMIME
250-AUTH LOGIN PLAIN XOAUTH2 PLAIN-CLIENTTOKEN OAUTHBEARER XOAUTH
250-ENHANCEDSTATUSCODES
250-PIPELINING
250-CHUNKING
250 SMTPUTF8

Failed to authenticate password. Error: 535-5.7.8 Username and Password not accepted. For more information, go to
535 5.7.8  https://support.google.com/mail/?p=BadCredentials d9443c01a7336-2365d8a1fafsm43230955ad.70 - gsmtp

CRITICAL - 2025-06-15 18:42:02 --> Cannot send email for user: farrelathaillah19@gmail.com
220 smtp.gmail.com ESMTP d9443c01a7336-2365d8a1fafsm43230955ad.70 - gsmtp
<br><pre>hello: 250-smtp.gmail.com at your service, [2405:8180:e03:14ad:bde0:588a:d3cd:aba]
250-SIZE 35882577
250-8BITMIME
250-AUTH LOGIN PLAIN XOAUTH2 PLAIN-CLIENTTOKEN OAUTHBEARER XOAUTH
250-ENHANCEDSTATUSCODES
250-PIPELINING
250-CHUNKING
250 SMTPUTF8
</pre>Failed to authenticate password. Error: 535-5.7.8 Username and Password not accepted. For more information, go to
535 5.7.8  https://support.google.com/mail/?p=BadCredentials d9443c01a7336-2365d8a1fafsm43230955ad.70 - gsmtp
<br>Unable to send email using SMTP. Your server might not be configured to send mail using this method.<br><pre>Date: Sun, 15 Jun 2025 18:42:00 +0700
From: &quot;Technology Euphoria&quot; &lt;admin@technologyeuphoria.web.id&gt;
Return-Path: &lt;admin@technologyeuphoria.web.id&gt;
To: farrelathaillah19@gmail.com
Subject: =?UTF-8?Q?Your=20activation=20code?=
Reply-To: &lt;admin@technologyeuphoria.web.id&gt;
User-Agent: CodeIgniter
X-Sender: admin@technologyeuphoria.web.id
X-Mailer: CodeIgniter
X-Priority: 3 (Normal)
Message-ID: &lt;684eb1887b4a08.03361464@technologyeuphoria.web.id&gt;
Mime-Version: 1.0

</pre>
in VENDORPATH\codeigniter4\shield\src\Authentication\Actions\EmailActivator.php on line 79.
 1 VENDORPATH\codeigniter4\shield\src\Controllers\ActionController.php(62): CodeIgniter\Shield\Authentication\Actions\EmailActivator->show()
 2 VENDORPATH\codeigniter4\shield\src\Controllers\ActionController.php(50): CodeIgniter\Shield\Controllers\ActionController->show()
 3 SYSTEMPATH\CodeIgniter.php(933): CodeIgniter\Shield\Controllers\ActionController->_remap('show')
 4 SYSTEMPATH\CodeIgniter.php(499): CodeIgniter\CodeIgniter->runController(Object(CodeIgniter\Shield\Controllers\ActionController))
 5 SYSTEMPATH\CodeIgniter.php(368): CodeIgniter\CodeIgniter->handleRequest(null, Object(Config\Cache), false)
 6 FCPATH\index.php(67): CodeIgniter\CodeIgniter->run()
 7 SYSTEMPATH\Commands\Server\rewrite.php(47): require_once('C:\\Users\\FARREL\\Downloads\\Techporia-main-2024\\Techporia-main-2024\\techporia23-main\\public\\index.php')
ERROR - 2025-06-15 18:42:11 --> Email: Unable to send email using SMTP. Your server might not be configured to send mail using this method.
ERROR - 2025-06-15 18:42:11 --> 220 smtp.gmail.com ESMTP d9443c01a7336-2365de78570sm42933605ad.90 - gsmtp

hello: 250-smtp.gmail.com at your service, [2405:8180:e03:14ad:bde0:588a:d3cd:aba]
250-SIZE 35882577
250-8BITMIME
250-AUTH LOGIN PLAIN XOAUTH2 PLAIN-CLIENTTOKEN OAUTHBEARER XOAUTH
250-ENHANCEDSTATUSCODES
250-PIPELINING
250-CHUNKING
250 SMTPUTF8

Failed to authenticate password. Error: 535-5.7.8 Username and Password not accepted. For more information, go to
535 5.7.8  https://support.google.com/mail/?p=BadCredentials d9443c01a7336-2365de78570sm42933605ad.90 - gsmtp

CRITICAL - 2025-06-15 18:42:11 --> Cannot send email for user: farrelathaillah19@gmail.com
220 smtp.gmail.com ESMTP d9443c01a7336-2365de78570sm42933605ad.90 - gsmtp
<br><pre>hello: 250-smtp.gmail.com at your service, [2405:8180:e03:14ad:bde0:588a:d3cd:aba]
250-SIZE 35882577
250-8BITMIME
250-AUTH LOGIN PLAIN XOAUTH2 PLAIN-CLIENTTOKEN OAUTHBEARER XOAUTH
250-ENHANCEDSTATUSCODES
250-PIPELINING
250-CHUNKING
250 SMTPUTF8
</pre>Failed to authenticate password. Error: 535-5.7.8 Username and Password not accepted. For more information, go to
535 5.7.8  https://support.google.com/mail/?p=BadCredentials d9443c01a7336-2365de78570sm42933605ad.90 - gsmtp
<br>Unable to send email using SMTP. Your server might not be configured to send mail using this method.<br><pre>Date: Sun, 15 Jun 2025 18:42:09 +0700
From: &quot;Technology Euphoria&quot; &lt;admin@technologyeuphoria.web.id&gt;
Return-Path: &lt;admin@technologyeuphoria.web.id&gt;
To: farrelathaillah19@gmail.com
Subject: =?UTF-8?Q?Your=20activation=20code?=
Reply-To: &lt;admin@technologyeuphoria.web.id&gt;
User-Agent: CodeIgniter
X-Sender: admin@technologyeuphoria.web.id
X-Mailer: CodeIgniter
X-Priority: 3 (Normal)
Message-ID: &lt;684eb1917cf762.68169903@technologyeuphoria.web.id&gt;
Mime-Version: 1.0

</pre>
in VENDORPATH\codeigniter4\shield\src\Authentication\Actions\EmailActivator.php on line 79.
 1 VENDORPATH\codeigniter4\shield\src\Controllers\ActionController.php(62): CodeIgniter\Shield\Authentication\Actions\EmailActivator->show()
 2 VENDORPATH\codeigniter4\shield\src\Controllers\ActionController.php(50): CodeIgniter\Shield\Controllers\ActionController->show()
 3 SYSTEMPATH\CodeIgniter.php(933): CodeIgniter\Shield\Controllers\ActionController->_remap('show')
 4 SYSTEMPATH\CodeIgniter.php(499): CodeIgniter\CodeIgniter->runController(Object(CodeIgniter\Shield\Controllers\ActionController))
 5 SYSTEMPATH\CodeIgniter.php(368): CodeIgniter\CodeIgniter->handleRequest(null, Object(Config\Cache), false)
 6 FCPATH\index.php(67): CodeIgniter\CodeIgniter->run()
 7 SYSTEMPATH\Commands\Server\rewrite.php(47): require_once('C:\\Users\\FARREL\\Downloads\\Techporia-main-2024\\Techporia-main-2024\\techporia23-main\\public\\index.php')
ERROR - 2025-06-15 18:43:34 --> Email: Unable to send email using SMTP. Your server might not be configured to send mail using this method.
ERROR - 2025-06-15 18:43:34 --> 220 smtp.gmail.com ESMTP d9443c01a7336-2365de783fesm43215805ad.109 - gsmtp

hello: 250-smtp.gmail.com at your service, [2405:8180:e03:14ad:bde0:588a:d3cd:aba]
250-SIZE 35882577
250-8BITMIME
250-AUTH LOGIN PLAIN XOAUTH2 PLAIN-CLIENTTOKEN OAUTHBEARER XOAUTH
250-ENHANCEDSTATUSCODES
250-PIPELINING
250-CHUNKING
250 SMTPUTF8

Failed to authenticate password. Error: 535-5.7.8 Username and Password not accepted. For more information, go to
535 5.7.8  https://support.google.com/mail/?p=BadCredentials d9443c01a7336-2365de783fesm43215805ad.109 - gsmtp

CRITICAL - 2025-06-15 18:43:34 --> Cannot send email for user: farrelathaillah19@gmail.com
220 smtp.gmail.com ESMTP d9443c01a7336-2365de783fesm43215805ad.109 - gsmtp
<br><pre>hello: 250-smtp.gmail.com at your service, [2405:8180:e03:14ad:bde0:588a:d3cd:aba]
250-SIZE 35882577
250-8BITMIME
250-AUTH LOGIN PLAIN XOAUTH2 PLAIN-CLIENTTOKEN OAUTHBEARER XOAUTH
250-ENHANCEDSTATUSCODES
250-PIPELINING
250-CHUNKING
250 SMTPUTF8
</pre>Failed to authenticate password. Error: 535-5.7.8 Username and Password not accepted. For more information, go to
535 5.7.8  https://support.google.com/mail/?p=BadCredentials d9443c01a7336-2365de783fesm43215805ad.109 - gsmtp
<br>Unable to send email using SMTP. Your server might not be configured to send mail using this method.<br><pre>Date: Sun, 15 Jun 2025 18:43:32 +0700
From: &quot;Technology Euphoria&quot; &lt;admin@technologyeuphoria.web.id&gt;
Return-Path: &lt;admin@technologyeuphoria.web.id&gt;
To: farrelathaillah19@gmail.com
Subject: =?UTF-8?Q?Your=20activation=20code?=
Reply-To: &lt;admin@technologyeuphoria.web.id&gt;
User-Agent: CodeIgniter
X-Sender: admin@technologyeuphoria.web.id
X-Mailer: CodeIgniter
X-Priority: 3 (Normal)
Message-ID: &lt;684eb1e4817f40.32185880@technologyeuphoria.web.id&gt;
Mime-Version: 1.0

</pre>
in VENDORPATH\codeigniter4\shield\src\Authentication\Actions\EmailActivator.php on line 79.
 1 VENDORPATH\codeigniter4\shield\src\Controllers\ActionController.php(62): CodeIgniter\Shield\Authentication\Actions\EmailActivator->show()
 2 VENDORPATH\codeigniter4\shield\src\Controllers\ActionController.php(50): CodeIgniter\Shield\Controllers\ActionController->show()
 3 SYSTEMPATH\CodeIgniter.php(933): CodeIgniter\Shield\Controllers\ActionController->_remap('show')
 4 SYSTEMPATH\CodeIgniter.php(499): CodeIgniter\CodeIgniter->runController(Object(CodeIgniter\Shield\Controllers\ActionController))
 5 SYSTEMPATH\CodeIgniter.php(368): CodeIgniter\CodeIgniter->handleRequest(null, Object(Config\Cache), false)
 6 FCPATH\index.php(67): CodeIgniter\CodeIgniter->run()
 7 SYSTEMPATH\Commands\Server\rewrite.php(47): require_once('C:\\Users\\FARREL\\Downloads\\Techporia-main-2024\\Techporia-main-2024\\techporia23-main\\public\\index.php')
